<?xml version="1.0" encoding="UTF-8"?>
<!-- Generated by org.testng.reporters.JUnitXMLReporter -->
<testsuite hostname="DESKTOP-HG2H4TK" name="loginTest" tests="1" failures="1" timestamp="22 May 2019 05:41:15 GMT" time="3.686" errors="0">
  <testcase name="loginpageTest" time="3.662" classname="com.selenium.hackathon.tests.loginTest">
    <failure type="java.lang.IllegalStateException" message="The driver executable does not exist: C:\Data\Drivers\geckodriver.exe">
      <![CDATA[java.lang.IllegalStateException: The driver executable does not exist: C:\Data\Drivers\geckodriver.exe
	at com.google.common.base.Preconditions.checkState(Preconditions.java:585)
	at org.openqa.selenium.remote.service.DriverService.checkExecutable(DriverService.java:137)
	at org.openqa.selenium.remote.service.DriverService.findExecutable(DriverService.java:132)
	at org.openqa.selenium.firefox.GeckoDriverService.access$100(GeckoDriverService.java:44)
	at org.openqa.selenium.firefox.GeckoDriverService$Builder.findDefaultExecutable(GeckoDriverService.java:167)
	at org.openqa.selenium.remote.service.DriverService$Builder.build(DriverService.java:346)
	at org.openqa.selenium.firefox.FirefoxDriver.toExecutor(FirefoxDriver.java:190)
	at org.openqa.selenium.firefox.FirefoxDriver.<init>(FirefoxDriver.java:147)
	at org.openqa.selenium.firefox.FirefoxDriver.<init>(FirefoxDriver.java:125)
	at com.selenium.hackathon.Utils.generalUtils.InitializeDriver(generalUtils.java:39)
	at com.selenium.hackathon.tests.loginTest.readExternalData(loginTest.java:25)
	at com.selenium.hackathon.tests.loginTest.loginpageTest(loginTest.java:34)
... Removed 24 stack frames]]>
    </failure>
  </testcase> <!-- loginpageTest -->
</testsuite> <!-- loginTest -->
